[main f9774d1] Auto-sync Wed May 21 12:00:01 AEST 2025
 1 file changed, 0 insertions(+), 0 deletions(-)
 create mode 100644 git_sync.log
To github.com:hingelman/BifrostOmics.git
   1d45f24..f9774d1  main -> main
[main e134d18] Auto-sync Wed May 21 13:00:01 AEST 2025
 7 files changed, 61 insertions(+), 14 deletions(-)
 create mode 100644 envs/environment.yml
To github.com:hingelman/BifrostOmics.git
 ! [rejected]        main -> main (fetch first)
error: failed to push some refs to 'github.com:hingelman/BifrostOmics.git'
hint: Updates were rejected because the remote contains work that you do not
hint: have locally. This is usually caused by another repository pushing to
hint: the same ref. If you want to integrate the remote changes, use
hint: 'git pull' before pushing again.
hint: See the 'Note about fast-forwards' in 'git push --help' for details.
[main 0322f4d] Auto-sync Wed May 21 14:00:01 AEST 2025
 5 files changed, 133 insertions(+), 5 deletions(-)
 create mode 100755 rnaseq_project/raw_data/extract_all_fastq_parallel.sh
To github.com:hingelman/BifrostOmics.git
 ! [rejected]        main -> main (fetch first)
error: failed to push some refs to 'github.com:hingelman/BifrostOmics.git'
hint: Updates were rejected because the remote contains work that you do not
hint: have locally. This is usually caused by another repository pushing to
hint: the same ref. If you want to integrate the remote changes, use
hint: 'git pull' before pushing again.
hint: See the 'Note about fast-forwards' in 'git push --help' for details.
[main a6c3854] Auto-sync Wed May 21 15:00:00 AEST 2025
 1 file changed, 113 insertions(+)
 create mode 100644 rnaseq_project/Lesson3_ Align_Reads.ipynb
To github.com:hingelman/BifrostOmics.git
   1b48a57..a6c3854  main -> main
[main 465ed19] Auto-sync Wed May 21 16:00:00 AEST 2025
 5 files changed, 203 insertions(+), 17 deletions(-)
 create mode 100755 rnaseq_project/align_all_trimmed_parallel.sh
To github.com:hingelman/BifrostOmics.git
   a6c3854..465ed19  main -> main
[main 71efdbe] Auto-sync Wed May 21 17:00:01 AEST 2025
 1 file changed, 5 insertions(+)
To github.com:hingelman/BifrostOmics.git
   465ed19..71efdbe  main -> main
On branch main
Your branch is up to date with 'origin/main'.

nothing to commit, working tree clean
Nothing to commit
Everything up-to-date
[main bf338fa] Auto-sync Wed May 21 22:00:01 AEST 2025
 1 file changed, 6 insertions(+)
To github.com:hingelman/BifrostOmics.git
   76edc94..bf338fa  main -> main
[main 4d2b17d] Auto-sync Wed May 21 23:00:00 AEST 2025
 1 file changed, 4 insertions(+)
To github.com:hingelman/BifrostOmics.git
   bf338fa..4d2b17d  main -> main
[main 5c16541] Auto-sync Thu May 22 09:00:01 AEST 2025
 1 file changed, 4 insertions(+)
To github.com:hingelman/BifrostOmics.git
   4d2b17d..5c16541  main -> main
[main 6a05192] Auto-sync Thu May 22 10:00:01 AEST 2025
 1 file changed, 4 insertions(+)
To github.com:hingelman/BifrostOmics.git
   5c16541..6a05192  main -> main
[main b00a6eb] Auto-sync Thu May 22 11:00:01 AEST 2025
 1 file changed, 4 insertions(+)
To github.com:hingelman/BifrostOmics.git
   6a05192..b00a6eb  main -> main
[main af17bf4] Auto-sync Thu May 22 12:00:01 AEST 2025
 1 file changed, 4 insertions(+)
To github.com:hingelman/BifrostOmics.git
   b00a6eb..af17bf4  main -> main
[main 66635de] Auto-sync Thu May 22 13:00:01 AEST 2025
 1 file changed, 4 insertions(+)
To github.com:hingelman/BifrostOmics.git
   af17bf4..66635de  main -> main
[main 3ca19b6] Auto-sync Thu May 22 14:00:01 AEST 2025
 1 file changed, 4 insertions(+)
To github.com:hingelman/BifrostOmics.git
   66635de..3ca19b6  main -> main
[main ec4422a] Auto-sync Thu May 22 15:00:01 AEST 2025
 1 file changed, 4 insertions(+)
To github.com:hingelman/BifrostOmics.git
   3ca19b6..ec4422a  main -> main
[main caadd7e] Auto-sync Thu May 22 16:00:01 AEST 2025
 2 files changed, 198 insertions(+), 1 deletion(-)
 create mode 100644 rnaseq_project/Lesson5.ipynb
To github.com:hingelman/BifrostOmics.git
   9f9a204..caadd7e  main -> main
fatal: unable to stat 'test/raw_data/SRR23426208/fasterq.tmp.t14l2ppar.268523/SRR23426208.t14l2ppar.268523.0001.2': No such file or directory
On branch main
Your branch is up to date with 'origin/main'.

Changes not staged for commit:
  (use "git add <file>..." to update what will be committed)
  (use "git restore <file>..." to discard changes in working directory)
	modified:   git_sync.log
	modified:   rnaseq_project/Lesson2_QCandTrim.ipynb
	modified:   rnaseq_project/Lesson5.ipynb
	modified:   rnaseq_project/raw_data/extract_all_fastq_parallel.sh

Untracked files:
  (use "git add <file>..." to include in what will be committed)
	rnaseq_project/rnaseq_pipeline.sh
	test/

no changes added to commit (use "git add" and/or "git commit -a")
Nothing to commit
Everything up-to-date
[main 484987a] Auto-sync Thu May 22 18:00:02 AEST 2025
 24 files changed, 17966 insertions(+), 114 deletions(-)
 create mode 100755 rnaseq_project/rnaseq_pipeline.sh
 create mode 100644 test/fastqc_results/SRR23426208_1_fastqc.html
 create mode 100644 test/fastqc_results/SRR23426208_1_fastqc.zip
 create mode 100644 test/fastqc_results/SRR23426208_2_fastqc.html
 create mode 100644 test/fastqc_results/SRR23426208_2_fastqc.zip
 create mode 100644 test/fastqc_results/SRR23426209_1_fastqc.html
 create mode 100644 test/fastqc_results/SRR23426209_1_fastqc.zip
 create mode 100644 test/fastqc_results/SRR23426209_2_fastqc.html
 create mode 100644 test/fastqc_results/SRR23426209_2_fastqc.zip
 create mode 100644 test/fastqc_results/SRR23426210_1_fastqc.html
 create mode 100644 test/fastqc_results/SRR23426210_1_fastqc.zip
 create mode 100644 test/fastqc_results/SRR23426210_2_fastqc.zip
 create mode 100644 test/raw_data/runinfo.csv
 create mode 100644 test/raw_data/runinfo.csv:Zone.Identifier
 create mode 100644 test/reference/GCF_000484505.2_ASM48450v2_genomic.fna:Zone.Identifier
 create mode 100644 test/reference/GCF_000484505.2_ASM48450v2_genomic.gff:Zone.Identifier
 create mode 100644 test/reference/GCF_000484505.2_ASM48450v2_genomic.gtf
 create mode 100644 test/reference/GCF_000484505.2_ASM48450v2_genomic.gtf:Zone.Identifier
 create mode 100755 test/rnaseq_pipeline.sh
 create mode 100644 test/rnaseq_pipeline.sh:Zone.Identifier
To github.com:hingelman/BifrostOmics.git
   caadd7e..484987a  main -> main
[main a483bfb] Auto-sync Thu May 22 19:00:01 AEST 2025
 29 files changed, 43591 insertions(+)
 create mode 100644 test/fastqc_results/SRR23426210_2_fastqc.html
 create mode 100644 test/fastqc_results/multiqc_data/fastqc-status-check-heatmap.txt
 create mode 100644 test/fastqc_results/multiqc_data/fastqc_adapter_content_plot.txt
 create mode 100644 test/fastqc_results/multiqc_data/fastqc_overrepresented_sequences_plot.txt
 create mode 100644 test/fastqc_results/multiqc_data/fastqc_per_base_n_content_plot.txt
 create mode 100644 test/fastqc_results/multiqc_data/fastqc_per_base_sequence_quality_plot.txt
 create mode 100644 test/fastqc_results/multiqc_data/fastqc_per_sequence_gc_content_plot_Counts.txt
 create mode 100644 test/fastqc_results/multiqc_data/fastqc_per_sequence_gc_content_plot_Percentages.txt
 create mode 100644 test/fastqc_results/multiqc_data/fastqc_per_sequence_quality_scores_plot.txt
 create mode 100644 test/fastqc_results/multiqc_data/fastqc_sequence_counts_plot.txt
 create mode 100644 test/fastqc_results/multiqc_data/fastqc_sequence_duplication_levels_plot.txt
 create mode 100644 test/fastqc_results/multiqc_data/fastqc_top_overrepresented_sequences_table.txt
 create mode 100644 test/fastqc_results/multiqc_data/multiqc.log
 create mode 100644 test/fastqc_results/multiqc_data/multiqc_citations.txt
 create mode 100644 test/fastqc_results/multiqc_data/multiqc_data.json
 create mode 100644 test/fastqc_results/multiqc_data/multiqc_fastqc.txt
 create mode 100644 test/fastqc_results/multiqc_data/multiqc_general_stats.txt
 create mode 100644 test/fastqc_results/multiqc_data/multiqc_software_versions.txt
 create mode 100644 test/fastqc_results/multiqc_data/multiqc_sources.txt
 create mode 100644 test/fastqc_results/multiqc_report.html
 create mode 100644 test/trimmed_data/SRR23426208.html
 create mode 100644 test/trimmed_data/SRR23426208.json
 create mode 100644 test/trimmed_data/SRR23426209.html
 create mode 100644 test/trimmed_data/SRR23426209.json
 create mode 100644 test/trimmed_data/SRR23426210.html
 create mode 100644 test/trimmed_data/SRR23426210.json
To github.com:hingelman/BifrostOmics.git
   484987a..a483bfb  main -> main
[main 060a8ae] Auto-sync Thu May 22 20:00:02 AEST 2025
 13 files changed, 44 insertions(+), 13 deletions(-)
To github.com:hingelman/BifrostOmics.git
   a483bfb..060a8ae  main -> main
[main 0034cb2] Auto-sync Sat May 24 15:00:01 AEST 2025
 1 file changed, 4 insertions(+)
To github.com:hingelman/BifrostOmics.git
   060a8ae..0034cb2  main -> main
[main 7f5ef36] Auto-sync Sat May 24 16:00:01 AEST 2025
 1 file changed, 4 insertions(+)
To github.com:hingelman/BifrostOmics.git
   0034cb2..7f5ef36  main -> main
[main 1885cd2] Auto-sync Sat May 24 17:00:01 AEST 2025
 39 files changed, 44 insertions(+), 44504 deletions(-)
 delete mode 100644 test/fastqc_results/SRR23426208_1_fastqc.html
 delete mode 100644 test/fastqc_results/SRR23426208_1_fastqc.zip
 delete mode 100644 test/fastqc_results/SRR23426208_2_fastqc.html
 delete mode 100644 test/fastqc_results/SRR23426208_2_fastqc.zip
 delete mode 100644 test/fastqc_results/SRR23426209_1_fastqc.html
 delete mode 100644 test/fastqc_results/SRR23426209_1_fastqc.zip
 delete mode 100644 test/fastqc_results/SRR23426209_2_fastqc.html
 delete mode 100644 test/fastqc_results/SRR23426209_2_fastqc.zip
 delete mode 100644 test/fastqc_results/SRR23426210_1_fastqc.html
 delete mode 100644 test/fastqc_results/SRR23426210_1_fastqc.zip
 delete mode 100644 test/fastqc_results/SRR23426210_2_fastqc.html
 delete mode 100644 test/fastqc_results/SRR23426210_2_fastqc.zip
 delete mode 100644 test/fastqc_results/multiqc_data/fastqc-status-check-heatmap.txt
 delete mode 100644 test/fastqc_results/multiqc_data/fastqc_adapter_content_plot.txt
 delete mode 100644 test/fastqc_results/multiqc_data/fastqc_overrepresented_sequences_plot.txt
 delete mode 100644 test/fastqc_results/multiqc_data/fastqc_per_base_n_content_plot.txt
 delete mode 100644 test/fastqc_results/multiqc_data/fastqc_per_base_sequence_quality_plot.txt
 delete mode 100644 test/fastqc_results/multiqc_data/fastqc_per_sequence_gc_content_plot_Counts.txt
 delete mode 100644 test/fastqc_results/multiqc_data/fastqc_per_sequence_gc_content_plot_Percentages.txt
 delete mode 100644 test/fastqc_results/multiqc_data/fastqc_per_sequence_quality_scores_plot.txt
 delete mode 100644 test/fastqc_results/multiqc_data/fastqc_sequence_counts_plot.txt
 delete mode 100644 test/fastqc_results/multiqc_data/fastqc_sequence_duplication_levels_plot.txt
 delete mode 100644 test/fastqc_results/multiqc_data/fastqc_top_overrepresented_sequences_table.txt
 delete mode 100644 test/fastqc_results/multiqc_data/multiqc.log
 delete mode 100644 test/fastqc_results/multiqc_data/multiqc_citations.txt
 delete mode 100644 test/fastqc_results/multiqc_data/multiqc_data.json
 delete mode 100644 test/fastqc_results/multiqc_data/multiqc_fastqc.txt
 delete mode 100644 test/fastqc_results/multiqc_data/multiqc_general_stats.txt
 delete mode 100644 test/fastqc_results/multiqc_data/multiqc_software_versions.txt
 delete mode 100644 test/fastqc_results/multiqc_data/multiqc_sources.txt
 delete mode 100644 test/fastqc_results/multiqc_report.html
 delete mode 100644 test/trimmed_data/SRR23426208.html
 delete mode 100644 test/trimmed_data/SRR23426208.json
 delete mode 100644 test/trimmed_data/SRR23426209.html
 delete mode 100644 test/trimmed_data/SRR23426209.json
 delete mode 100644 test/trimmed_data/SRR23426210.html
 delete mode 100644 test/trimmed_data/SRR23426210.json
To github.com:hingelman/BifrostOmics.git
   7f5ef36..1885cd2  main -> main
[main 2001979] Auto-sync Sat May 24 18:00:02 AEST 2025
 3 files changed, 118 insertions(+), 12 deletions(-)
 create mode 100644 test/rnaseq_pipeline.log
To github.com:hingelman/BifrostOmics.git
   1885cd2..2001979  main -> main
[main d503324] Auto-sync Sat May 24 19:00:01 AEST 2025
 39 files changed, 45269 insertions(+)
 create mode 100644 test/fastqc_results/SRR23426208_1_fastqc.html
 create mode 100644 test/fastqc_results/SRR23426208_1_fastqc.zip
 create mode 100644 test/fastqc_results/SRR23426208_2_fastqc.html
 create mode 100644 test/fastqc_results/SRR23426208_2_fastqc.zip
 create mode 100644 test/fastqc_results/SRR23426209_1_fastqc.html
 create mode 100644 test/fastqc_results/SRR23426209_1_fastqc.zip
 create mode 100644 test/fastqc_results/SRR23426209_2_fastqc.html
 create mode 100644 test/fastqc_results/SRR23426209_2_fastqc.zip
 create mode 100644 test/fastqc_results/SRR23426210_1_fastqc.html
 create mode 100644 test/fastqc_results/SRR23426210_1_fastqc.zip
 create mode 100644 test/fastqc_results/SRR23426210_2_fastqc.html
 create mode 100644 test/fastqc_results/SRR23426210_2_fastqc.zip
 create mode 100644 test/fastqc_results/multiqc_data/fastqc-status-check-heatmap.txt
 create mode 100644 test/fastqc_results/multiqc_data/fastqc_adapter_content_plot.txt
 create mode 100644 test/fastqc_results/multiqc_data/fastqc_overrepresented_sequences_plot.txt
 create mode 100644 test/fastqc_results/multiqc_data/fastqc_per_base_n_content_plot.txt
 create mode 100644 test/fastqc_results/multiqc_data/fastqc_per_base_sequence_quality_plot.txt
 create mode 100644 test/fastqc_results/multiqc_data/fastqc_per_sequence_gc_content_plot_Counts.txt
 create mode 100644 test/fastqc_results/multiqc_data/fastqc_per_sequence_gc_content_plot_Percentages.txt
 create mode 100644 test/fastqc_results/multiqc_data/fastqc_per_sequence_quality_scores_plot.txt
 create mode 100644 test/fastqc_results/multiqc_data/fastqc_sequence_counts_plot.txt
 create mode 100644 test/fastqc_results/multiqc_data/fastqc_sequence_duplication_levels_plot.txt
 create mode 100644 test/fastqc_results/multiqc_data/fastqc_top_overrepresented_sequences_table.txt
 create mode 100644 test/fastqc_results/multiqc_data/multiqc.log
 create mode 100644 test/fastqc_results/multiqc_data/multiqc_citations.txt
 create mode 100644 test/fastqc_results/multiqc_data/multiqc_data.json
 create mode 100644 test/fastqc_results/multiqc_data/multiqc_fastqc.txt
 create mode 100644 test/fastqc_results/multiqc_data/multiqc_general_stats.txt
 create mode 100644 test/fastqc_results/multiqc_data/multiqc_software_versions.txt
 create mode 100644 test/fastqc_results/multiqc_data/multiqc_sources.txt
 create mode 100644 test/fastqc_results/multiqc_report.html
 create mode 100644 test/trimmed_data/SRR23426208.html
 create mode 100644 test/trimmed_data/SRR23426208.json
 create mode 100644 test/trimmed_data/SRR23426209.html
 create mode 100644 test/trimmed_data/SRR23426209.json
 create mode 100644 test/trimmed_data/SRR23426210.html
 create mode 100644 test/trimmed_data/SRR23426210.json
To github.com:hingelman/BifrostOmics.git
   2001979..d503324  main -> main
[main 9b1605b] Auto-sync Sat May 24 20:00:01 AEST 2025
 18 files changed, 125 insertions(+), 15728 deletions(-)
 delete mode 100644 test/trimmed_data/SRR23426208.html
 delete mode 100644 test/trimmed_data/SRR23426208.json
 delete mode 100644 test/trimmed_data/SRR23426209.html
 delete mode 100644 test/trimmed_data/SRR23426209.json
 delete mode 100644 test/trimmed_data/SRR23426210.html
 delete mode 100644 test/trimmed_data/SRR23426210.json
To github.com:hingelman/BifrostOmics.git
   d503324..9b1605b  main -> main
