Settings:
  Output files: "reference/hisat2_index/genome.*.ht2"
  Line rate: 6 (line is 64 bytes)
  Lines per side: 1 (side is 64 bytes)
  Offset rate: 4 (one in 16)
  FTable chars: 10
  Strings: unpacked
  Local offset rate: 3 (one in 8)
  Local fTable chars: 6
  Local sequence length: 57344
  Local sequence overlap between two consecutive indexes: 1024
  Endianness: little
  Actual local endianness: little
  Sanity checking: disabled
  Assertions: disabled
  Random seed: 0
  Sizeofs: void*:8, int:4, long:8, size_t:8
Input files DNA, FASTA:
  reference/GCF_000484505.2_ASM48450v2_genomic.fna
Reading reference sizes
  Time reading reference sizes: 00:00:00
Calculating joined length
Writing header
Reserving space for joined string
Joining reference sequences
  Time to join reference sequences: 00:00:00
  Time to read SNPs and splice sites: 00:00:00
Using parameters --bmax 102134 --dcv 1024
  Doing ahead-of-time memory usage test
  Passed!  Constructing with these parameters: --bmax 102134 --dcv 1024
Constructing suffix-array element generator
Building DifferenceCoverSample
  Building sPrime
  Building sPrimeOrder
  V-Sorting samples
  V-Sorting samples time: 00:00:00
  Allocating rank array
  Ranking v-sort output
  Ranking v-sort output time: 00:00:00
  Invoking Larsson-Sadakane on ranks
  Invoking Larsson-Sadakane on ranks time: 00:00:00
  Sanity-checking and returning
Building samples
Reserving space for 86 sample suffixes
Generating random suffixes
QSorting 86 sample offsets, eliminating duplicates
QSorting sample offsets, eliminating duplicates time: 00:00:00
Multikey QSorting 86 samples
  (Using difference cover)
  Multikey QSorting samples time: 00:00:00
Calculating bucket sizes
Splitting and merging
  Splitting and merging time: 00:00:00
Split 13, merged 38; iterating...
Splitting and merging
  Splitting and merging time: 00:00:00
Split 10, merged 10; iterating...
Splitting and merging
  Splitting and merging time: 00:00:00
Split 5, merged 6; iterating...
Splitting and merging
  Splitting and merging time: 00:00:00
Split 2, merged 2; iterating...
Splitting and merging
  Splitting and merging time: 00:00:00
Split 1, merged 1; iterating...
Avg bucket size: 71436.8 (target: 102133)
Converting suffix-array elements to index image
Allocating ftab, absorbFtab
Entering GFM loop
Getting block 1 of 61
  Reserving size (102134) for bucket 1
Getting block 2 of 61
  Reserving size (102134) for bucket 2
  Calculating Z arrays for bucket 2
  Calculating Z arrays for bucket 1
  Entering block accumulator loop for bucket 1:
Getting block 3 of 61
  Reserving size (102134) for bucket 3
  Entering block accumulator loop for bucket 2:
  Calculating Z arrays for bucket 3
  Entering block accumulator loop for bucket 3:
Getting block 4 of 61
  Reserving size (102134) for bucket 4
  Calculating Z arrays for bucket 4
  Entering block accumulator loop for bucket 4:
Getting block 5 of 61
  Reserving size (102134) for bucket 5
  Calculating Z arrays for bucket 5
Getting block 6 of 61
  Reserving size (102134) for bucket 6
  Entering block accumulator loop for bucket 5:
  Calculating Z arrays for bucket 6
  Entering block accumulator loop for bucket 6:
Getting block 7 of 61
  Reserving size (102134) for bucket 7
  Calculating Z arrays for bucket 7
  Entering block accumulator loop for bucket 7:
Getting block 8 of 61
  Reserving size (102134) for bucket 8
  Calculating Z arrays for bucket 8
  Entering block accumulator loop for bucket 8:
  bucket 2: 10%
  bucket 3: 10%
  bucket 1: 10%
  bucket 6: 10%
  bucket 5: 10%
  bucket 7: 10%
  bucket 4: 10%
  bucket 8: 10%
  bucket 2: 20%
  bucket 1: 20%
  bucket 3: 20%
  bucket 5: 20%
  bucket 6: 20%
  bucket 4: 20%
  bucket 7: 20%
  bucket 8: 20%
  bucket 1: 30%
  bucket 2: 30%
  bucket 3: 30%
  bucket 4: 30%
  bucket 5: 30%
  bucket 6: 30%
  bucket 7: 30%
  bucket 1: 40%
  bucket 2: 40%
  bucket 8: 30%
  bucket 3: 40%
  bucket 4: 40%
  bucket 5: 40%
  bucket 6: 40%
  bucket 7: 40%
  bucket 1: 50%
  bucket 2: 50%
  bucket 3: 50%
  bucket 4: 50%
  bucket 5: 50%
  bucket 8: 40%
  bucket 7: 50%
  bucket 6: 50%
  bucket 2: 60%
  bucket 1: 60%
  bucket 3: 60%
  bucket 4: 60%
  bucket 5: 60%
  bucket 8: 50%
  bucket 6: 60%
  bucket 7: 60%
  bucket 2: 70%
  bucket 1: 70%
  bucket 3: 70%
  bucket 4: 70%
  bucket 5: 70%
  bucket 8: 60%
  bucket 6: 70%
  bucket 7: 70%
  bucket 2: 80%
  bucket 1: 80%
  bucket 4: 80%
  bucket 3: 80%
  bucket 5: 80%
  bucket 8: 70%
  bucket 1: 90%
  bucket 2: 90%
  bucket 7: 80%
  bucket 6: 80%
  bucket 4: 90%
  bucket 3: 90%
  bucket 1: 100%
  Sorting block of length 52144 for bucket 1
  (Using difference cover)
  bucket 2: 100%
  bucket 5: 90%
  Sorting block of length 99110 for bucket 2
  (Using difference cover)
  bucket 7: 90%
  bucket 6: 90%
  bucket 8: 80%
  bucket 4: 100%
  bucket 3: 100%
  Sorting block of length 38652 for bucket 4
  (Using difference cover)
  Sorting block of length 97802 for bucket 3
  (Using difference cover)
  bucket 5: 100%
  Sorting block of length 96384 for bucket 5
  (Using difference cover)
  bucket 7: 100%
  Sorting block of length 34486 for bucket 7
  (Using difference cover)
  bucket 6: 100%
  Sorting block of length 79862 for bucket 6
  (Using difference cover)
  bucket 8: 90%
  Sorting block time: 00:00:00
Returning block of 52145 for bucket 1
Getting block 9 of 61
  Reserving size (102134) for bucket 9
  Calculating Z arrays for bucket 9
  Entering block accumulator loop for bucket 9:
  Sorting block time: 00:00:00
Returning block of 34487 for bucket 7
Getting block 10 of 61
  Reserving size (102134) for bucket 10
  Calculating Z arrays for bucket 10
  Entering block accumulator loop for bucket 10:
  bucket 8: 100%
  bucket 9: 10%
  Sorting block of length 90849 for bucket 8
  (Using difference cover)
  Sorting block time: 00:00:00
Returning block of 38653 for bucket 4
Getting block 11 of 61
  Reserving size (102134) for bucket 11
  Calculating Z arrays for bucket 11
  Entering block accumulator loop for bucket 11:
  Sorting block time: 00:00:00
Returning block of 99111 for bucket 2
  Sorting block time: 00:00:00
Returning block of 79863 for bucket 6
  Sorting block time: 00:00:00
Returning block of 97803 for bucket 3
  bucket 10: 10%
Getting block 12 of 61
  Reserving size (102134) for bucket 12
  Calculating Z arrays for bucket 12
  Entering block accumulator loop for bucket 12:
Getting block 13 of 61
  Reserving size (102134) for bucket 13
  Calculating Z arrays for bucket 13
  Entering block accumulator loop for bucket 13:
  bucket 9: 20%
Getting block 14 of 61
  Reserving size (102134) for bucket 14
  Calculating Z arrays for bucket 14
  Entering block accumulator loop for bucket 14:
  Sorting block time: 00:00:00
Returning block of 96385 for bucket 5
  bucket 11: 10%
  bucket 10: 20%
Getting block 15 of 61
  Reserving size (102134) for bucket 15
  Calculating Z arrays for bucket 15
  Entering block accumulator loop for bucket 15:
  bucket 12: 10%
  bucket 13: 10%
  bucket 14: 10%
  bucket 9: 30%
  bucket 11: 20%
  bucket 10: 30%
  bucket 14: 20%
  bucket 13: 20%
  bucket 9: 40%
  bucket 12: 20%
  bucket 15: 10%
  bucket 11: 30%
  bucket 10: 40%
  bucket 14: 30%
  bucket 12: 30%
  Sorting block time: 00:00:00
Returning block of 90850 for bucket 8
  bucket 9: 50%
  bucket 13: 30%
  bucket 15: 20%
  bucket 11: 40%
  bucket 10: 50%
Getting block 16 of 61
  Reserving size (102134) for bucket 16
  Calculating Z arrays for bucket 16
  Entering block accumulator loop for bucket 16:
  bucket 14: 40%
  bucket 12: 40%
  bucket 9: 60%
  bucket 13: 40%
  bucket 15: 30%
  bucket 11: 50%
  bucket 10: 60%
  bucket 14: 50%
  bucket 9: 70%
  bucket 12: 50%
  bucket 13: 50%
  bucket 15: 40%
  bucket 11: 60%
  bucket 10: 70%
  bucket 9: 80%
  bucket 14: 60%
  bucket 12: 60%
  bucket 13: 60%
  bucket 15: 50%
  bucket 11: 70%
  bucket 10: 80%
  bucket 9: 90%
  bucket 14: 70%
  bucket 12: 70%
  bucket 13: 70%
  bucket 16: 10%
  bucket 10: 90%
  bucket 15: 60%
  bucket 11: 80%
  bucket 9: 100%
  Sorting block of length 62872 for bucket 9
  (Using difference cover)
  bucket 14: 80%
  bucket 12: 80%
  bucket 13: 80%
  bucket 16: 20%
  bucket 10: 100%
  Sorting block of length 84821 for bucket 10
  (Using difference cover)
  bucket 11: 90%
  bucket 15: 70%
  bucket 14: 90%
  bucket 12: 90%
  bucket 16: 30%
  bucket 13: 90%
  Sorting block time: 00:00:00
Returning block of 62873 for bucket 9
  bucket 11: 100%
  Sorting block of length 25203 for bucket 11
  (Using difference cover)
  bucket 15: 80%
Getting block 17 of 61
  Reserving size (102134) for bucket 17
  Calculating Z arrays for bucket 17
  Entering block accumulator loop for bucket 17:
  bucket 14: 100%
  Sorting block of length 5693 for bucket 14
  (Using difference cover)
  Sorting block time: 00:00:00
Returning block of 5694 for bucket 14
Getting block 18 of 61
  Reserving size (102134) for bucket 18
  Calculating Z arrays for bucket 18
  Entering block accumulator loop for bucket 18:
  bucket 12: 100%
  Sorting block of length 80045 for bucket 12
  (Using difference cover)
  Sorting block time: 00:00:00
Returning block of 25204 for bucket 11
Getting block 19 of 61
  Reserving size (102134) for bucket 19
  Calculating Z arrays for bucket 19
  Entering block accumulator loop for bucket 19:
  bucket 13: 100%
  Sorting block of length 97956 for bucket 13
  (Using difference cover)
  bucket 15: 90%
  bucket 17: 10%
  Sorting block time: 00:00:00
Returning block of 84822 for bucket 10
  bucket 18: 10%
Getting block 20 of 61
  Reserving size (102134) for bucket 20
  Calculating Z arrays for bucket 20
  Entering block accumulator loop for bucket 20:
  bucket 19: 10%
  bucket 15: 100%
  Sorting block of length 96937 for bucket 15
  (Using difference cover)
  bucket 17: 20%
  bucket 18: 20%
  Sorting block time: 00:00:01
Returning block of 80046 for bucket 12
  bucket 20: 10%
  bucket 16: 40%
Getting block 21 of 61
  Reserving size (102134) for bucket 21
  Calculating Z arrays for bucket 21
  Entering block accumulator loop for bucket 21:
  bucket 17: 30%
  bucket 18: 30%
  Sorting block time: 00:00:01
Returning block of 97957 for bucket 13
  bucket 20: 20%
  bucket 19: 20%
Getting block 22 of 61
  Reserving size (102134) for bucket 22
  Calculating Z arrays for bucket 22
  Entering block accumulator loop for bucket 22:
  bucket 21: 10%
  bucket 17: 40%
  Sorting block time: 00:00:00
Returning block of 96938 for bucket 15
  bucket 18: 40%
  bucket 20: 30%
Getting block 23 of 61
  Reserving size (102134) for bucket 23
  Calculating Z arrays for bucket 23
  Entering block accumulator loop for bucket 23:
  bucket 19: 30%
  bucket 22: 10%
  bucket 17: 50%
  bucket 18: 50%
  bucket 21: 20%
  bucket 20: 40%
  bucket 22: 20%
  bucket 23: 10%
  bucket 16: 50%
  bucket 17: 60%
  bucket 18: 60%
  bucket 21: 30%
  bucket 20: 50%
  bucket 22: 30%
  bucket 23: 20%
  bucket 16: 60%
  bucket 19: 40%
  bucket 17: 70%
  bucket 18: 70%
  bucket 20: 60%
  bucket 21: 40%
  bucket 22: 40%
  bucket 23: 30%
  bucket 16: 70%
  bucket 19: 50%
  bucket 17: 80%
  bucket 18: 80%
  bucket 20: 70%
  bucket 22: 50%
  bucket 23: 40%
  bucket 21: 50%
  bucket 16: 80%
  bucket 19: 60%
  bucket 17: 90%
  bucket 18: 90%
  bucket 22: 60%
  bucket 20: 80%
  bucket 23: 50%
  bucket 21: 60%
  bucket 16: 90%
  bucket 19: 70%
  bucket 17: 100%
  Sorting block of length 89978 for bucket 17
  (Using difference cover)
  bucket 22: 70%
  bucket 18: 100%
  Sorting block of length 101413 for bucket 18
  (Using difference cover)
  bucket 23: 60%
  bucket 20: 90%
  bucket 21: 70%
  bucket 16: 100%
  Sorting block of length 76222 for bucket 16
  (Using difference cover)
  bucket 22: 80%
  bucket 23: 70%
  bucket 19: 80%
  bucket 21: 80%
  Sorting block time: 00:00:00
Returning block of 89979 for bucket 17
  bucket 20: 100%
  Sorting block of length 75721 for bucket 20
  (Using difference cover)
  bucket 22: 90%
Getting block 24 of 61
  Reserving size (102134) for bucket 24
  Calculating Z arrays for bucket 24
  Entering block accumulator loop for bucket 24:
  bucket 23: 80%
  Sorting block time: 00:00:00
Returning block of 101414 for bucket 18
  Sorting block time: 00:00:00
Returning block of 76223 for bucket 16
  bucket 19: 90%
  bucket 22: 100%
  Sorting block of length 60991 for bucket 22
  (Using difference cover)
Getting block 25 of 61
  Reserving size (102134) for bucket 25
  Calculating Z arrays for bucket 25
  Entering block accumulator loop for bucket 25:
  bucket 21: 90%
Getting block 26 of 61
  Reserving size (102134) for bucket 26
  Calculating Z arrays for bucket 26
  Entering block accumulator loop for bucket 26:
  bucket 24: 10%
  bucket 23: 90%
  Sorting block time: 00:00:00
Returning block of 75722 for bucket 20
Getting block 27 of 61
  Reserving size (102134) for bucket 27
  Calculating Z arrays for bucket 27
  Entering block accumulator loop for bucket 27:
  bucket 26: 10%
  bucket 25: 10%
  bucket 21: 100%
  Sorting block of length 71158 for bucket 21
  (Using difference cover)
  bucket 23: 100%
  Sorting block of length 56878 for bucket 23
  (Using difference cover)
  Sorting block time: 00:00:00
Returning block of 60992 for bucket 22
  bucket 24: 20%
Getting block 28 of 61
  Reserving size (102134) for bucket 28
  Calculating Z arrays for bucket 28
  Entering block accumulator loop for bucket 28:
  bucket 27: 10%
  bucket 26: 20%
  bucket 25: 20%
  bucket 24: 30%
  Sorting block time: 00:00:00
Returning block of 71159 for bucket 21
  bucket 28: 10%
  Sorting block time: 00:00:00
Returning block of 56879 for bucket 23
Getting block 29 of 61
  Reserving size (102134) for bucket 29
  Calculating Z arrays for bucket 29
  Entering block accumulator loop for bucket 29:
  bucket 26: 30%
Getting block 30 of 61
  Reserving size (102134) for bucket 30
  Calculating Z arrays for bucket 30
  bucket 27: 20%
  Entering block accumulator loop for bucket 30:
  bucket 25: 30%
  bucket 19: 100%
  Sorting block of length 87721 for bucket 19
  (Using difference cover)
  bucket 24: 40%
  bucket 28: 20%
  bucket 26: 40%
  bucket 29: 10%
  bucket 27: 30%
  bucket 30: 10%
  bucket 25: 40%
  bucket 24: 50%
  bucket 28: 30%
  bucket 26: 50%
  bucket 29: 20%
  bucket 27: 40%
  Sorting block time: 00:00:00
Returning block of 87722 for bucket 19
  bucket 24: 60%
  bucket 30: 20%
  bucket 25: 50%
Getting block 31 of 61
  Reserving size (102134) for bucket 31
  Calculating Z arrays for bucket 31
  Entering block accumulator loop for bucket 31:
  bucket 28: 40%
  bucket 26: 60%
  bucket 29: 30%
  bucket 24: 70%
  bucket 27: 50%
  bucket 30: 30%
  bucket 25: 60%
  bucket 28: 50%
  bucket 26: 70%
  bucket 29: 40%
  bucket 24: 80%
  bucket 25: 70%
  bucket 27: 60%
  bucket 30: 40%
  bucket 28: 60%
  bucket 26: 80%
  bucket 24: 90%
  bucket 29: 50%
  bucket 25: 80%
  bucket 27: 70%
  bucket 28: 70%
  bucket 30: 50%
  bucket 26: 90%
  bucket 24: 100%
  Sorting block of length 16743 for bucket 24
  (Using difference cover)
  bucket 31: 10%
  bucket 25: 90%
  bucket 29: 60%
  bucket 27: 80%
  Sorting block time: 00:00:00
Returning block of 16744 for bucket 24
  bucket 28: 80%
  bucket 26: 100%
  Sorting block of length 18932 for bucket 26
  (Using difference cover)
Getting block 32 of 61
  Reserving size (102134) for bucket 32
  Calculating Z arrays for bucket 32
  Entering block accumulator loop for bucket 32:
  bucket 30: 60%
  bucket 25: 100%
  Sorting block of length 139778 for bucket 25
  (Using difference cover)
  bucket 29: 70%
  Sorting block time: 00:00:00
Returning block of 18933 for bucket 26
  bucket 27: 90%
Getting block 33 of 61
  Reserving size (102134) for bucket 33
  Calculating Z arrays for bucket 33
  Entering block accumulator loop for bucket 33:
  bucket 28: 90%
  bucket 32: 10%
  bucket 30: 70%
  bucket 29: 80%
  bucket 27: 100%
  Sorting block of length 96605 for bucket 27
  (Using difference cover)
  bucket 28: 100%
  Sorting block of length 22215 for bucket 28
  (Using difference cover)
  bucket 33: 10%
  bucket 32: 20%
  bucket 30: 80%
  bucket 31: 20%
  Sorting block time: 00:00:00
Returning block of 22216 for bucket 28
Getting block 34 of 61
  Reserving size (102134) for bucket 34
  Calculating Z arrays for bucket 34
  Entering block accumulator loop for bucket 34:
  bucket 29: 90%
  bucket 33: 20%
  bucket 32: 30%
  bucket 30: 90%
  bucket 31: 30%
  bucket 34: 10%
  Sorting block time: 00:00:00
Returning block of 139779 for bucket 25
  bucket 29: 100%
  Sorting block of length 102129 for bucket 29
  (Using difference cover)
  bucket 33: 30%
  bucket 32: 40%
  bucket 30: 100%
  Sorting block of length 62158 for bucket 30
  (Using difference cover)
Getting block 35 of 61
  Reserving size (102134) for bucket 35
  Calculating Z arrays for bucket 35
  Entering block accumulator loop for bucket 35:
  bucket 34: 20%
  bucket 33: 40%
  bucket 32: 50%
  Sorting block time: 00:00:00
Returning block of 96606 for bucket 27
  bucket 35: 10%
Getting block 36 of 61
  Reserving size (102134) for bucket 36
  Calculating Z arrays for bucket 36
  Entering block accumulator loop for bucket 36:
  Sorting block time: 00:00:00
Returning block of 62159 for bucket 30
  bucket 34: 30%
Getting block 37 of 61
  Reserving size (102134) for bucket 37
  Calculating Z arrays for bucket 37
  Entering block accumulator loop for bucket 37:
  bucket 33: 50%
  bucket 32: 60%
  Sorting block time: 00:00:00
Returning block of 102130 for bucket 29
  bucket 35: 20%
Getting block 38 of 61
  Reserving size (102134) for bucket 38
  Calculating Z arrays for bucket 38
  Entering block accumulator loop for bucket 38:
  bucket 36: 10%
  bucket 31: 40%
  bucket 34: 40%
  bucket 37: 10%
  bucket 32: 70%
  bucket 33: 60%
  bucket 35: 30%
  bucket 36: 20%
  bucket 34: 50%
  bucket 38: 10%
  bucket 31: 50%
  bucket 37: 20%
  bucket 32: 80%
  bucket 33: 70%
  bucket 36: 30%
  bucket 34: 60%
  bucket 38: 20%
  bucket 31: 60%
  bucket 32: 90%
  bucket 37: 30%
  bucket 33: 80%
  bucket 36: 40%
  bucket 34: 70%
  bucket 38: 30%
  bucket 32: 100%
  Sorting block of length 39893 for bucket 32
  (Using difference cover)
  bucket 31: 70%
  bucket 37: 40%
  bucket 33: 90%
  bucket 36: 50%
  bucket 34: 80%
  bucket 35: 40%
  bucket 38: 40%
  Sorting block time: 00:00:00
Returning block of 39894 for bucket 32
  bucket 37: 50%
  bucket 31: 80%
Getting block 39 of 61
  Reserving size (102134) for bucket 39
  Calculating Z arrays for bucket 39
  Entering block accumulator loop for bucket 39:
  bucket 33: 100%
  Sorting block of length 87869 for bucket 33
  (Using difference cover)
  bucket 36: 60%
  bucket 35: 50%
  bucket 34: 90%
  bucket 38: 50%
  bucket 37: 60%
  bucket 39: 10%
  bucket 31: 90%
  bucket 36: 70%
  bucket 35: 60%
  bucket 34: 100%
  Sorting block of length 62105 for bucket 34
  (Using difference cover)
  bucket 38: 60%
  bucket 39: 20%
  bucket 37: 70%
  bucket 31: 100%
  Sorting block of length 98596 for bucket 31
  (Using difference cover)
  Sorting block time: 00:00:00
Returning block of 87870 for bucket 33
  bucket 36: 80%
  bucket 35: 70%
  bucket 38: 70%
Getting block 40 of 61
  Reserving size (102134) for bucket 40
  Calculating Z arrays for bucket 40
  Entering block accumulator loop for bucket 40:
  Sorting block time: 00:00:00
Returning block of 62106 for bucket 34
  bucket 39: 30%
  bucket 37: 80%
Getting block 41 of 61
  Reserving size (102134) for bucket 41
  Calculating Z arrays for bucket 41
  Entering block accumulator loop for bucket 41:
  bucket 36: 90%
  bucket 35: 80%
  bucket 38: 80%
  bucket 40: 10%
  bucket 39: 40%
  Sorting block time: 00:00:00
Returning block of 98597 for bucket 31
  bucket 37: 90%
  bucket 41: 10%
  bucket 35: 90%
  bucket 36: 100%
  Sorting block of length 53141 for bucket 36
  (Using difference cover)
Getting block 42 of 61
  Reserving size (102134) for bucket 42
  Calculating Z arrays for bucket 42
  Entering block accumulator loop for bucket 42:
  bucket 38: 90%
  bucket 40: 20%
  bucket 39: 50%
  bucket 37: 100%
  Sorting block of length 91418 for bucket 37
  (Using difference cover)
  bucket 35: 100%
  Sorting block of length 66647 for bucket 35
  (Using difference cover)
  bucket 41: 20%
  bucket 42: 10%
  bucket 38: 100%
  Sorting block of length 66518 for bucket 38
  (Using difference cover)
  bucket 39: 60%
  bucket 40: 30%
  bucket 42: 20%
  bucket 41: 30%
  bucket 40: 40%
  bucket 39: 70%
  Sorting block time: 00:00:00
Returning block of 66648 for bucket 35
Getting block 43 of 61
  Reserving size (102134) for bucket 43
  Calculating Z arrays for bucket 43
  Entering block accumulator loop for bucket 43:
  Sorting block time: 00:00:00
Returning block of 66519 for bucket 38
  Sorting block time: 00:00:00
Returning block of 91419 for bucket 37
  bucket 42: 30%
  bucket 41: 40%
  bucket 40: 50%
Getting block 44 of 61
  Reserving size (102134) for bucket 44
  Calculating Z arrays for bucket 44
  Entering block accumulator loop for bucket 44:
  bucket 39: 80%
Getting block 45 of 61
  Reserving size (102134) for bucket 45
  Calculating Z arrays for bucket 45
  Entering block accumulator loop for bucket 45:
  Sorting block time: 00:00:00
Returning block of 53142 for bucket 36
Getting block 46 of 61
  Reserving size (102134) for bucket 46
  Calculating Z arrays for bucket 46
  Entering block accumulator loop for bucket 46:
  bucket 43: 10%
  bucket 42: 40%
  bucket 41: 50%
  bucket 44: 10%
  bucket 40: 60%
  bucket 39: 90%
  bucket 45: 10%
  bucket 43: 20%
  bucket 46: 10%
  bucket 44: 20%
  bucket 39: 100%
  Sorting block of length 64891 for bucket 39
  (Using difference cover)
  bucket 40: 70%
  bucket 41: 60%
  bucket 45: 20%
  bucket 43: 30%
  bucket 46: 20%
  bucket 44: 30%
  bucket 40: 80%
  bucket 41: 70%
  bucket 45: 30%
  bucket 43: 40%
  Sorting block time: 00:00:00
Returning block of 64892 for bucket 39
  bucket 46: 30%
Getting block 47 of 61
  Reserving size (102134) for bucket 47
  Calculating Z arrays for bucket 47
  Entering block accumulator loop for bucket 47:
  bucket 42: 50%
  bucket 44: 40%
  bucket 40: 90%
  bucket 41: 80%
  bucket 45: 40%
  bucket 43: 50%
  bucket 46: 40%
  bucket 42: 60%
  bucket 47: 10%
  bucket 44: 50%
  bucket 40: 100%
  Sorting block of length 97756 for bucket 40
  (Using difference cover)
  bucket 43: 60%
  bucket 45: 50%
  bucket 41: 90%
  bucket 46: 50%
  bucket 47: 20%
  bucket 44: 60%
  bucket 43: 70%
  bucket 45: 60%
  bucket 41: 100%
  Sorting block of length 47132 for bucket 41
  (Using difference cover)
  bucket 46: 60%
  bucket 47: 30%
  bucket 42: 70%
  bucket 44: 70%
  bucket 43: 80%
  Sorting block time: 00:00:00
Returning block of 97757 for bucket 40
  Sorting block time: 00:00:00
Returning block of 47133 for bucket 41
  bucket 45: 70%
Getting block 48 of 61
  Reserving size (102134) for bucket 48
  Calculating Z arrays for bucket 48
  Entering block accumulator loop for bucket 48:
  bucket 46: 70%
  bucket 47: 40%
Getting block 49 of 61
  Reserving size (102134) for bucket 49
  Calculating Z arrays for bucket 49
  Entering block accumulator loop for bucket 49:
  bucket 44: 80%
  bucket 43: 90%
  bucket 45: 80%
  bucket 48: 10%
  bucket 46: 80%
  bucket 47: 50%
  bucket 49: 10%
  bucket 44: 90%
  bucket 42: 80%
  bucket 43: 100%
  Sorting block of length 50072 for bucket 43
  (Using difference cover)
  bucket 45: 90%
  bucket 48: 20%
  bucket 47: 60%
  bucket 46: 90%
  bucket 49: 20%
  bucket 44: 100%
  Sorting block of length 101408 for bucket 44
  (Using difference cover)
  bucket 42: 90%
  Sorting block time: 00:00:00
Returning block of 50073 for bucket 43
  bucket 45: 100%
  Sorting block of length 54022 for bucket 45
  (Using difference cover)
  bucket 48: 30%
  bucket 47: 70%
Getting block 50 of 61
  Reserving size (102134) for bucket 50
  Calculating Z arrays for bucket 50
  Entering block accumulator loop for bucket 50:
  bucket 49: 30%
  bucket 46: 100%
  Sorting block of length 49394 for bucket 46
  (Using difference cover)
  bucket 42: 100%
  Sorting block of length 88656 for bucket 42
  (Using difference cover)
  bucket 47: 80%
  bucket 48: 40%
  bucket 50: 10%
  Sorting block time: 00:00:00
Returning block of 54023 for bucket 45
Getting block 51 of 61
  Reserving size (102134) for bucket 51
  Calculating Z arrays for bucket 51
  Entering block accumulator loop for bucket 51:
  bucket 49: 40%
  Sorting block time: 00:00:00
Returning block of 49395 for bucket 46
  bucket 47: 90%
Getting block 52 of 61
  Reserving size (102134) for bucket 52
  Calculating Z arrays for bucket 52
  Entering block accumulator loop for bucket 52:
  bucket 48: 50%
  Sorting block time: 00:00:00
Returning block of 101409 for bucket 44
  bucket 50: 20%
  Sorting block time: 00:00:00
Returning block of 88657 for bucket 42
  bucket 51: 10%
Getting block 53 of 61
  Reserving size (102134) for bucket 53
  Calculating Z arrays for bucket 53
  Entering block accumulator loop for bucket 53:
  bucket 49: 50%
Getting block 54 of 61
  Reserving size (102134) for bucket 54
  Calculating Z arrays for bucket 54
  Entering block accumulator loop for bucket 54:
  bucket 47: 100%
  Sorting block of length 54248 for bucket 47
  (Using difference cover)
  bucket 52: 10%
  bucket 50: 30%
  bucket 51: 20%
  Sorting block time: 00:00:00
Returning block of 54249 for bucket 47
  bucket 49: 60%
  bucket 53: 10%
Getting block 55 of 61
  Reserving size (102134) for bucket 55
  Calculating Z arrays for bucket 55
  Entering block accumulator loop for bucket 55:
  bucket 54: 10%
  bucket 52: 20%
  bucket 50: 40%
  bucket 49: 70%
  bucket 53: 20%
  bucket 51: 30%
  bucket 48: 60%
  bucket 55: 10%
  bucket 52: 30%
  bucket 54: 20%
  bucket 50: 50%
  bucket 49: 80%
  bucket 53: 30%
  bucket 48: 70%
  bucket 51: 40%
  bucket 55: 20%
  bucket 52: 40%
  bucket 54: 30%
  bucket 50: 60%
  bucket 49: 90%
  bucket 53: 40%
  bucket 51: 50%
  bucket 55: 30%
  bucket 52: 50%
  bucket 54: 40%
  bucket 50: 70%
  bucket 49: 100%
  Sorting block of length 95472 for bucket 49
  (Using difference cover)
  bucket 53: 50%
  bucket 51: 60%
  bucket 55: 40%
  bucket 52: 60%
  bucket 50: 80%
  bucket 54: 50%
  bucket 48: 80%
  bucket 53: 60%
  bucket 51: 70%
  bucket 55: 50%
  bucket 52: 70%
  bucket 50: 90%
  bucket 48: 90%
  Sorting block time: 00:00:00
Returning block of 95473 for bucket 49
  bucket 54: 60%
Getting block 56 of 61
  Reserving size (102134) for bucket 56
  Calculating Z arrays for bucket 56
  Entering block accumulator loop for bucket 56:
  bucket 53: 70%
  bucket 51: 80%
  bucket 48: 100%
  Sorting block of length 74362 for bucket 48
  (Using difference cover)
  bucket 52: 80%
  bucket 55: 60%
  bucket 50: 100%
  Sorting block of length 65198 for bucket 50
  (Using difference cover)
  bucket 54: 70%
  bucket 56: 10%
  bucket 53: 80%
  bucket 51: 90%
  bucket 52: 90%
  bucket 55: 70%
  bucket 56: 20%
  bucket 53: 90%
  bucket 54: 80%
  Sorting block time: 00:00:00
Returning block of 74363 for bucket 48
Getting block 57 of 61
  Reserving size (102134) for bucket 57
  Calculating Z arrays for bucket 57
  Entering block accumulator loop for bucket 57:
  bucket 55: 80%
  bucket 51: 100%
  Sorting block of length 79351 for bucket 51
  (Using difference cover)
  bucket 52: 100%
  Sorting block of length 101353 for bucket 52
  (Using difference cover)
  Sorting block time: 00:00:00
Returning block of 65199 for bucket 50
  bucket 56: 30%
Getting block 58 of 61
  Reserving size (102134) for bucket 58
  Calculating Z arrays for bucket 58
  Entering block accumulator loop for bucket 58:
  bucket 53: 100%
  Sorting block of length 91973 for bucket 53
  (Using difference cover)
  bucket 54: 90%
  bucket 55: 90%
  bucket 56: 40%
  bucket 58: 10%
  Sorting block time: 00:00:00
Returning block of 79352 for bucket 51
  bucket 54: 100%
  Sorting block of length 92023 for bucket 54
  (Using difference cover)
Getting block 59 of 61
  Reserving size (102134) for bucket 59
  Calculating Z arrays for bucket 59
  Entering block accumulator loop for bucket 59:
  bucket 55: 100%
  Sorting block of length 84840 for bucket 55
  (Using difference cover)
  Sorting block time: 00:00:00
Returning block of 101354 for bucket 52
  bucket 56: 50%
  Sorting block time: 00:00:00
Returning block of 91974 for bucket 53
  bucket 58: 20%
Getting block 60 of 61
  Reserving size (102134) for bucket 60
  Calculating Z arrays for bucket 60
  Entering block accumulator loop for bucket 60:
  bucket 57: 10%
Getting block 61 of 61
  Reserving size (102134) for bucket 61
  Calculating Z arrays for bucket 61
  Entering block accumulator loop for bucket 61:
  bucket 59: 10%
  bucket 56: 60%
  Sorting block time: 00:00:00
Returning block of 92024 for bucket 54
  Sorting block time: 00:00:00
Returning block of 84841 for bucket 55
  bucket 61: 10%
  bucket 58: 30%
  bucket 60: 10%
  bucket 57: 20%
  bucket 59: 20%
  bucket 61: 20%
  bucket 56: 70%
  bucket 60: 20%
  bucket 58: 40%
  bucket 57: 30%
  bucket 61: 30%
  bucket 60: 30%
  bucket 59: 30%
  bucket 56: 80%
  bucket 58: 50%
  bucket 61: 40%
  bucket 57: 40%
  bucket 60: 40%
  bucket 58: 60%
  bucket 56: 90%
  bucket 59: 40%
  bucket 61: 50%
  bucket 58: 70%
  bucket 57: 50%
  bucket 61: 60%
  bucket 60: 50%
  bucket 59: 50%
  bucket 56: 100%
  Sorting block of length 51226 for bucket 56
  (Using difference cover)
  bucket 61: 70%
  bucket 58: 80%
  bucket 59: 60%
  bucket 57: 60%
  bucket 60: 60%
  Sorting block time: 00:00:00
Returning block of 51227 for bucket 56
  bucket 61: 80%
  bucket 59: 70%
  bucket 57: 70%
  bucket 58: 90%
  bucket 61: 90%
  bucket 60: 70%
  bucket 61: 100%
  Sorting block of length 34820 for bucket 61
  (Using difference cover)
  bucket 58: 100%
  Sorting block of length 37180 for bucket 58
  (Using difference cover)
  bucket 59: 80%
  bucket 57: 80%
  Sorting block time: 00:00:00
Returning block of 34821 for bucket 61
  Sorting block time: 00:00:00
Returning block of 37181 for bucket 58
  bucket 57: 90%
  bucket 60: 80%
  bucket 59: 90%
  bucket 57: 100%
  Sorting block of length 67741 for bucket 57
  (Using difference cover)
  bucket 60: 90%
  Sorting block time: 00:00:00
Returning block of 67742 for bucket 57
  bucket 59: 100%
  Sorting block of length 92933 for bucket 59
  (Using difference cover)
  bucket 60: 100%
  Sorting block of length 93948 for bucket 60
  (Using difference cover)
  Sorting block time: 00:00:00
Returning block of 92934 for bucket 59
  Sorting block time: 00:00:00
Returning block of 93949 for bucket 60
Exited GFM loop
fchr[A]: 0
fchr[C]: 1512662
fchr[G]: 2178206
fchr[T]: 2867395
fchr[$]: 4357704
Exiting GFM::buildToDisk()
Returning from initFromVector
Wrote 5647261 bytes to primary GFM file: reference/hisat2_index/genome.1.ht2
Wrote 1089432 bytes to secondary GFM file: reference/hisat2_index/genome.2.ht2
Re-opening _in1 and _in2 as input streams
Returning from GFM constructor
Returning from initFromVector
Wrote 1925461 bytes to primary GFM file: reference/hisat2_index/genome.5.ht2
Wrote 1109298 bytes to secondary GFM file: reference/hisat2_index/genome.6.ht2
Re-opening _in5 and _in5 as input streams
Returning from HGFM constructor
Headers:
    len: 4357704
    gbwtLen: 4357705
    nodes: 4357705
    sz: 1089426
    gbwtSz: 1089427
    lineRate: 6
    offRate: 4
    offMask: 0xfffffff0
    ftabChars: 10
    eftabLen: 0
    eftabSz: 0
    ftabLen: 1048577
    ftabSz: 4194308
    offsLen: 272357
    offsSz: 1089428
    lineSz: 64
    sideSz: 64
    sideGbwtSz: 48
    sideGbwtLen: 192
    numSides: 22697
    numLines: 22697
    gbwtTotLen: 1452608
    gbwtTotSz: 1452608
    reverse: 0
    linearFM: Yes
Total time for call to driver() for forward index: 00:00:01
